Error: ENOENT: no such file or directory, open 'C:\Users\antrs\Desktop\今天完成\detail\dist\server-bundle.js'
    at Object.fs.openSync (fs.js:584:18)
    at Object.fs.readFileSync (fs.js:491:33)
    at Object.<anonymous> (C:\Users\antrs\Desktop\今天完成\detail\server.js:25:34)
    at Module._compile (module.js:571:32)
    at Object.Module._extensions..js (module.js:580:10)
    at Module.load (module.js:488:32)
    at tryModuleLoad (module.js:447:12)
    at Function.Module._load (module.js:439:3)
    at Object.<anonymous> (C:\Users\antrs\Desktop\今天完成\detail\node_modules\pm2\lib\ProcessContainerFork.js:70:21)
    at Module._compile (module.js:571:32)
Error: ENOENT: no such file or directory, open 'C:\Users\antrs\Desktop\今天完成\detail\dist\server-bundle.js'
    at Object.fs.openSync (fs.js:584:18)
    at Object.fs.readFileSync (fs.js:491:33)
    at Object.<anonymous> (C:\Users\antrs\Desktop\今天完成\detail\server.js:25:34)
    at Module._compile (module.js:571:32)
    at Object.Module._extensions..js (module.js:580:10)
    at Module.load (module.js:488:32)
    at tryModuleLoad (module.js:447:12)
    at Function.Module._load (module.js:439:3)
    at Object.<anonymous> (C:\Users\antrs\Desktop\今天完成\detail\node_modules\pm2\lib\ProcessContainerFork.js:70:21)
    at Module._compile (module.js:571:32)
Error: ENOENT: no such file or directory, open 'C:\Users\antrs\Desktop\今天完成\detail\dist\server-bundle.js'
    at Object.fs.openSync (fs.js:584:18)
    at Object.fs.readFileSync (fs.js:491:33)
    at Object.<anonymous> (C:\Users\antrs\Desktop\今天完成\detail\server.js:25:34)
    at Module._compile (module.js:571:32)
    at Object.Module._extensions..js (module.js:580:10)
    at Module.load (module.js:488:32)
    at tryModuleLoad (module.js:447:12)
    at Function.Module._load (module.js:439:3)
    at Object.<anonymous> (C:\Users\antrs\Desktop\今天完成\detail\node_modules\pm2\lib\ProcessContainerFork.js:70:21)
    at Module._compile (module.js:571:32)
Error: ENOENT: no such file or directory, open 'C:\Users\antrs\Desktop\今天完成\detail\dist\server-bundle.js'
    at Object.fs.openSync (fs.js:584:18)
    at Object.fs.readFileSync (fs.js:491:33)
    at Object.<anonymous> (C:\Users\antrs\Desktop\今天完成\detail\server.js:25:34)
    at Module._compile (module.js:571:32)
    at Object.Module._extensions..js (module.js:580:10)
    at Module.load (module.js:488:32)
    at tryModuleLoad (module.js:447:12)
    at Function.Module._load (module.js:439:3)
    at Object.<anonymous> (C:\Users\antrs\Desktop\今天完成\detail\node_modules\pm2\lib\ProcessContainerFork.js:70:21)
    at Module._compile (module.js:571:32)
Error: ENOENT: no such file or directory, open 'C:\Users\antrs\Desktop\今天完成\detail\dist\server-bundle.js'
    at Object.fs.openSync (fs.js:584:18)
    at Object.fs.readFileSync (fs.js:491:33)
    at Object.<anonymous> (C:\Users\antrs\Desktop\今天完成\detail\server.js:25:34)
    at Module._compile (module.js:571:32)
    at Object.Module._extensions..js (module.js:580:10)
    at Module.load (module.js:488:32)
    at tryModuleLoad (module.js:447:12)
    at Function.Module._load (module.js:439:3)
    at Object.<anonymous> (C:\Users\antrs\Desktop\今天完成\detail\node_modules\pm2\lib\ProcessContainerFork.js:70:21)
    at Module._compile (module.js:571:32)
Error: ENOENT: no such file or directory, open 'C:\Users\antrs\Desktop\今天完成\detail\dist\server-bundle.js'
    at Object.fs.openSync (fs.js:584:18)
    at Object.fs.readFileSync (fs.js:491:33)
    at Object.<anonymous> (C:\Users\antrs\Desktop\今天完成\detail\server.js:25:34)
    at Module._compile (module.js:571:32)
    at Object.Module._extensions..js (module.js:580:10)
    at Module.load (module.js:488:32)
    at tryModuleLoad (module.js:447:12)
    at Function.Module._load (module.js:439:3)
    at Object.<anonymous> (C:\Users\antrs\Desktop\今天完成\detail\node_modules\pm2\lib\ProcessContainerFork.js:70:21)
    at Module._compile (module.js:571:32)
Error: ENOENT: no such file or directory, open 'C:\Users\antrs\Desktop\今天完成\detail\dist\server-bundle.js'
    at Object.fs.openSync (fs.js:584:18)
    at Object.fs.readFileSync (fs.js:491:33)
    at Object.<anonymous> (C:\Users\antrs\Desktop\今天完成\detail\server.js:25:34)
    at Module._compile (module.js:571:32)
    at Object.Module._extensions..js (module.js:580:10)
    at Module.load (module.js:488:32)
    at tryModuleLoad (module.js:447:12)
    at Function.Module._load (module.js:439:3)
    at Object.<anonymous> (C:\Users\antrs\Desktop\今天完成\detail\node_modules\pm2\lib\ProcessContainerFork.js:70:21)
    at Module._compile (module.js:571:32)
Error: ENOENT: no such file or directory, open 'C:\Users\antrs\Desktop\今天完成\detail\dist\server-bundle.js'
    at Object.fs.openSync (fs.js:584:18)
    at Object.fs.readFileSync (fs.js:491:33)
    at Object.<anonymous> (C:\Users\antrs\Desktop\今天完成\detail\server.js:25:34)
    at Module._compile (module.js:571:32)
    at Object.Module._extensions..js (module.js:580:10)
    at Module.load (module.js:488:32)
    at tryModuleLoad (module.js:447:12)
    at Function.Module._load (module.js:439:3)
    at Object.<anonymous> (C:\Users\antrs\Desktop\今天完成\detail\node_modules\pm2\lib\ProcessContainerFork.js:70:21)
    at Module._compile (module.js:571:32)
Error: ENOENT: no such file or directory, open 'C:\Users\antrs\Desktop\今天完成\detail\dist\server-bundle.js'
    at Object.fs.openSync (fs.js:584:18)
    at Object.fs.readFileSync (fs.js:491:33)
    at Object.<anonymous> (C:\Users\antrs\Desktop\今天完成\detail\server.js:25:34)
    at Module._compile (module.js:571:32)
    at Object.Module._extensions..js (module.js:580:10)
    at Module.load (module.js:488:32)
    at tryModuleLoad (module.js:447:12)
    at Function.Module._load (module.js:439:3)
    at Object.<anonymous> (C:\Users\antrs\Desktop\今天完成\detail\node_modules\pm2\lib\ProcessContainerFork.js:70:21)
    at Module._compile (module.js:571:32)
Error: ENOENT: no such file or directory, open 'C:\Users\antrs\Desktop\今天完成\detail\dist\server-bundle.js'
    at Object.fs.openSync (fs.js:584:18)
    at Object.fs.readFileSync (fs.js:491:33)
    at Object.<anonymous> (C:\Users\antrs\Desktop\今天完成\detail\server.js:25:34)
    at Module._compile (module.js:571:32)
    at Object.Module._extensions..js (module.js:580:10)
    at Module.load (module.js:488:32)
    at tryModuleLoad (module.js:447:12)
    at Function.Module._load (module.js:439:3)
    at Object.<anonymous> (C:\Users\antrs\Desktop\今天完成\detail\node_modules\pm2\lib\ProcessContainerFork.js:70:21)
    at Module._compile (module.js:571:32)
Error: ENOENT: no such file or directory, open 'C:\Users\antrs\Desktop\今天完成\detail\dist\server-bundle.js'
    at Object.fs.openSync (fs.js:584:18)
    at Object.fs.readFileSync (fs.js:491:33)
    at Object.<anonymous> (C:\Users\antrs\Desktop\今天完成\detail\server.js:25:34)
    at Module._compile (module.js:571:32)
    at Object.Module._extensions..js (module.js:580:10)
    at Module.load (module.js:488:32)
    at tryModuleLoad (module.js:447:12)
    at Function.Module._load (module.js:439:3)
    at Object.<anonymous> (C:\Users\antrs\Desktop\今天完成\detail\node_modules\pm2\lib\ProcessContainerFork.js:70:21)
    at Module._compile (module.js:571:32)
Error: ENOENT: no such file or directory, open 'C:\Users\antrs\Desktop\今天完成\detail\dist\server-bundle.js'
    at Object.fs.openSync (fs.js:584:18)
    at Object.fs.readFileSync (fs.js:491:33)
    at Object.<anonymous> (C:\Users\antrs\Desktop\今天完成\detail\server.js:25:34)
    at Module._compile (module.js:571:32)
    at Object.Module._extensions..js (module.js:580:10)
    at Module.load (module.js:488:32)
    at tryModuleLoad (module.js:447:12)
    at Function.Module._load (module.js:439:3)
    at Object.<anonymous> (C:\Users\antrs\Desktop\今天完成\detail\node_modules\pm2\lib\ProcessContainerFork.js:70:21)
    at Module._compile (module.js:571:32)
Error: ENOENT: no such file or directory, open 'C:\Users\antrs\Desktop\今天完成\detail\dist\server-bundle.js'
    at Object.fs.openSync (fs.js:584:18)
    at Object.fs.readFileSync (fs.js:491:33)
    at Object.<anonymous> (C:\Users\antrs\Desktop\今天完成\detail\server.js:25:34)
    at Module._compile (module.js:571:32)
    at Object.Module._extensions..js (module.js:580:10)
    at Module.load (module.js:488:32)
    at tryModuleLoad (module.js:447:12)
    at Function.Module._load (module.js:439:3)
    at Object.<anonymous> (C:\Users\antrs\Desktop\今天完成\detail\node_modules\pm2\lib\ProcessContainerFork.js:70:21)
    at Module._compile (module.js:571:32)
Error: ENOENT: no such file or directory, open 'C:\Users\antrs\Desktop\今天完成\detail\dist\server-bundle.js'
    at Object.fs.openSync (fs.js:584:18)
    at Object.fs.readFileSync (fs.js:491:33)
    at Object.<anonymous> (C:\Users\antrs\Desktop\今天完成\detail\server.js:25:34)
    at Module._compile (module.js:571:32)
    at Object.Module._extensions..js (module.js:580:10)
    at Module.load (module.js:488:32)
    at tryModuleLoad (module.js:447:12)
    at Function.Module._load (module.js:439:3)
    at Object.<anonymous> (C:\Users\antrs\Desktop\今天完成\detail\node_modules\pm2\lib\ProcessContainerFork.js:70:21)
    at Module._compile (module.js:571:32)
Error: ENOENT: no such file or directory, open 'C:\Users\antrs\Desktop\今天完成\detail\dist\server-bundle.js'
    at Object.fs.openSync (fs.js:584:18)
    at Object.fs.readFileSync (fs.js:491:33)
    at Object.<anonymous> (C:\Users\antrs\Desktop\今天完成\detail\server.js:25:34)
    at Module._compile (module.js:571:32)
    at Object.Module._extensions..js (module.js:580:10)
    at Module.load (module.js:488:32)
    at tryModuleLoad (module.js:447:12)
    at Function.Module._load (module.js:439:3)
    at Object.<anonymous> (C:\Users\antrs\Desktop\今天完成\detail\node_modules\pm2\lib\ProcessContainerFork.js:70:21)
    at Module._compile (module.js:571:32)
Error: ENOENT: no such file or directory, open 'C:\Users\antrs\Desktop\今天完成\detail\dist\server-bundle.js'
    at Object.fs.openSync (fs.js:584:18)
    at Object.fs.readFileSync (fs.js:491:33)
    at Object.<anonymous> (C:\Users\antrs\Desktop\今天完成\detail\server.js:25:34)
    at Module._compile (module.js:571:32)
    at Object.Module._extensions..js (module.js:580:10)
    at Module.load (module.js:488:32)
    at tryModuleLoad (module.js:447:12)
    at Function.Module._load (module.js:439:3)
    at Object.<anonymous> (C:\Users\antrs\Desktop\今天完成\detail\node_modules\pm2\lib\ProcessContainerFork.js:70:21)
    at Module._compile (module.js:571:32)
Error: ENOENT: no such file or directory, open 'C:\Users\antrs\Desktop\今天完成\detail\dist\server-bundle.js'
    at Object.fs.openSync (fs.js:584:18)
    at Object.fs.readFileSync (fs.js:491:33)
    at Object.<anonymous> (C:\Users\antrs\Desktop\今天完成\detail\server.js:25:34)
    at Module._compile (module.js:571:32)
    at Object.Module._extensions..js (module.js:580:10)
    at Module.load (module.js:488:32)
    at tryModuleLoad (module.js:447:12)
    at Function.Module._load (module.js:439:3)
    at Object.<anonymous> (C:\Users\antrs\Desktop\今天完成\detail\node_modules\pm2\lib\ProcessContainerFork.js:70:21)
    at Module._compile (module.js:571:32)
Error: ENOENT: no such file or directory, open 'C:\Users\antrs\Desktop\今天完成\detail\dist\server-bundle.js'
    at Object.fs.openSync (fs.js:584:18)
    at Object.fs.readFileSync (fs.js:491:33)
    at Object.<anonymous> (C:\Users\antrs\Desktop\今天完成\detail\server.js:25:34)
    at Module._compile (module.js:571:32)
    at Object.Module._extensions..js (module.js:580:10)
    at Module.load (module.js:488:32)
    at tryModuleLoad (module.js:447:12)
    at Function.Module._load (module.js:439:3)
    at Object.<anonymous> (C:\Users\antrs\Desktop\今天完成\detail\node_modules\pm2\lib\ProcessContainerFork.js:70:21)
    at Module._compile (module.js:571:32)
Error: ENOENT: no such file or directory, open 'C:\Users\antrs\Desktop\今天完成\detail\dist\server-bundle.js'
    at Object.fs.openSync (fs.js:584:18)
    at Object.fs.readFileSync (fs.js:491:33)
    at Object.<anonymous> (C:\Users\antrs\Desktop\今天完成\detail\server.js:25:34)
    at Module._compile (module.js:571:32)
    at Object.Module._extensions..js (module.js:580:10)
    at Module.load (module.js:488:32)
    at tryModuleLoad (module.js:447:12)
    at Function.Module._load (module.js:439:3)
    at Object.<anonymous> (C:\Users\antrs\Desktop\今天完成\detail\node_modules\pm2\lib\ProcessContainerFork.js:70:21)
    at Module._compile (module.js:571:32)
Error: ENOENT: no such file or directory, open 'C:\Users\antrs\Desktop\今天完成\detail\dist\server-bundle.js'
    at Object.fs.openSync (fs.js:584:18)
    at Object.fs.readFileSync (fs.js:491:33)
    at Object.<anonymous> (C:\Users\antrs\Desktop\今天完成\detail\server.js:25:34)
    at Module._compile (module.js:571:32)
    at Object.Module._extensions..js (module.js:580:10)
    at Module.load (module.js:488:32)
    at tryModuleLoad (module.js:447:12)
    at Function.Module._load (module.js:439:3)
    at Object.<anonymous> (C:\Users\antrs\Desktop\今天完成\detail\node_modules\pm2\lib\ProcessContainerFork.js:70:21)
    at Module._compile (module.js:571:32)
Error: ENOENT: no such file or directory, open 'C:\Users\antrs\Desktop\今天完成\detail\dist\server-bundle.js'
    at Object.fs.openSync (fs.js:584:18)
    at Object.fs.readFileSync (fs.js:491:33)
    at Object.<anonymous> (C:\Users\antrs\Desktop\今天完成\detail\server.js:25:34)
    at Module._compile (module.js:571:32)
    at Object.Module._extensions..js (module.js:580:10)
    at Module.load (module.js:488:32)
    at tryModuleLoad (module.js:447:12)
    at Function.Module._load (module.js:439:3)
    at Object.<anonymous> (C:\Users\antrs\Desktop\今天完成\detail\node_modules\pm2\lib\ProcessContainerFork.js:70:21)
    at Module._compile (module.js:571:32)
Error: ENOENT: no such file or directory, open 'C:\Users\antrs\Desktop\今天完成\detail\dist\server-bundle.js'
    at Object.fs.openSync (fs.js:584:18)
    at Object.fs.readFileSync (fs.js:491:33)
    at Object.<anonymous> (C:\Users\antrs\Desktop\今天完成\detail\server.js:25:34)
    at Module._compile (module.js:571:32)
    at Object.Module._extensions..js (module.js:580:10)
    at Module.load (module.js:488:32)
    at tryModuleLoad (module.js:447:12)
    at Function.Module._load (module.js:439:3)
    at Object.<anonymous> (C:\Users\antrs\Desktop\今天完成\detail\node_modules\pm2\lib\ProcessContainerFork.js:70:21)
    at Module._compile (module.js:571:32)
Error: ENOENT: no such file or directory, open 'C:\Users\antrs\Desktop\今天完成\detail\dist\server-bundle.js'
    at Object.fs.openSync (fs.js:584:18)
    at Object.fs.readFileSync (fs.js:491:33)
    at Object.<anonymous> (C:\Users\antrs\Desktop\今天完成\detail\server.js:25:34)
    at Module._compile (module.js:571:32)
    at Object.Module._extensions..js (module.js:580:10)
    at Module.load (module.js:488:32)
    at tryModuleLoad (module.js:447:12)
    at Function.Module._load (module.js:439:3)
    at Object.<anonymous> (C:\Users\antrs\Desktop\今天完成\detail\node_modules\pm2\lib\ProcessContainerFork.js:70:21)
    at Module._compile (module.js:571:32)
Error: ENOENT: no such file or directory, open 'C:\Users\antrs\Desktop\今天完成\detail\dist\server-bundle.js'
    at Object.fs.openSync (fs.js:584:18)
    at Object.fs.readFileSync (fs.js:491:33)
    at Object.<anonymous> (C:\Users\antrs\Desktop\今天完成\detail\server.js:25:34)
    at Module._compile (module.js:571:32)
    at Object.Module._extensions..js (module.js:580:10)
    at Module.load (module.js:488:32)
    at tryModuleLoad (module.js:447:12)
    at Function.Module._load (module.js:439:3)
    at Object.<anonymous> (C:\Users\antrs\Desktop\今天完成\detail\node_modules\pm2\lib\ProcessContainerFork.js:70:21)
    at Module._compile (module.js:571:32)
Error: ENOENT: no such file or directory, open 'C:\Users\antrs\Desktop\今天完成\detail\dist\server-bundle.js'
    at Object.fs.openSync (fs.js:584:18)
    at Object.fs.readFileSync (fs.js:491:33)
    at Object.<anonymous> (C:\Users\antrs\Desktop\今天完成\detail\server.js:25:34)
    at Module._compile (module.js:571:32)
    at Object.Module._extensions..js (module.js:580:10)
    at Module.load (module.js:488:32)
    at tryModuleLoad (module.js:447:12)
    at Function.Module._load (module.js:439:3)
    at Object.<anonymous> (C:\Users\antrs\Desktop\今天完成\detail\node_modules\pm2\lib\ProcessContainerFork.js:70:21)
    at Module._compile (module.js:571:32)
Error: ENOENT: no such file or directory, open 'C:\Users\antrs\Desktop\今天完成\detail\dist\server-bundle.js'
    at Object.fs.openSync (fs.js:584:18)
    at Object.fs.readFileSync (fs.js:491:33)
    at Object.<anonymous> (C:\Users\antrs\Desktop\今天完成\detail\server.js:25:34)
    at Module._compile (module.js:571:32)
    at Object.Module._extensions..js (module.js:580:10)
    at Module.load (module.js:488:32)
    at tryModuleLoad (module.js:447:12)
    at Function.Module._load (module.js:439:3)
    at Object.<anonymous> (C:\Users\antrs\Desktop\今天完成\detail\node_modules\pm2\lib\ProcessContainerFork.js:70:21)
    at Module._compile (module.js:571:32)
Error: ENOENT: no such file or directory, open 'C:\Users\antrs\Desktop\今天完成\detail\dist\server-bundle.js'
    at Object.fs.openSync (fs.js:584:18)
    at Object.fs.readFileSync (fs.js:491:33)
    at Object.<anonymous> (C:\Users\antrs\Desktop\今天完成\detail\server.js:25:34)
    at Module._compile (module.js:571:32)
    at Object.Module._extensions..js (module.js:580:10)
    at Module.load (module.js:488:32)
    at tryModuleLoad (module.js:447:12)
    at Function.Module._load (module.js:439:3)
    at Object.<anonymous> (C:\Users\antrs\Desktop\今天完成\detail\node_modules\pm2\lib\ProcessContainerFork.js:70:21)
    at Module._compile (module.js:571:32)
You have triggered an unhandledRejection, you may have forgotten to catch a Promise rejection:
[object Object]
